<?xml version="1.0" encoding="UTF-8"?>
<!-- Generated by org.testng.reporters.JUnitXMLReporter -->
<testsuite hostname="ANAND" ignored="0" name="Creating and validating Person" tests="4" failures="0" timestamp="18 Sep 2021 19:22:20 GMT" time="12.752" errors="0">
  <testcase name="verifying_new_user_creation" time="2.434" classname="com.CRM.testcases.PartiesPageTest"/>
  <testcase name="verifying_new_case_creation" time="2.434" classname="com.CRM.testcases.PartiesPageTest"/>
  <testcase name="verifying_case_creation_for_user" time="0.037" classname="com.CRM.testcases.PartiesPageTest"/>
  <testcase name="verifying_case_status" time="0.03" classname="com.CRM.testcases.PartiesPageTest"/>
</testsuite> <!-- Creating and validating Person -->
