<?xml version="1.0" encoding="UTF-8"?>
<testsuite name="TestSuite" time="4.935" tests="4" errors="0" skipped="0" failures="0">
  <properties>
[...]
</properties>
  <testcase name="verifying_new_user_creation" classname="com.CRM.testcases.PartiesPageTest" time="2.434"/>
  <testcase name="verifying_new_case_creation" classname="com.CRM.testcases.PartiesPageTest" time="2.435"/>
  <testcase name="verifying_case_creation_for_user" classname="com.CRM.testcases.PartiesPageTest" time="0.036"/>
  <testcase name="verifying_case_status" classname="com.CRM.testcases.PartiesPageTest" time="0.03"/>
</testsuite>